\BOOKMARK [1][-]{section.1}{\376\377\000I\000n\000t\000r\000o\000d\000u\000c\000t\000i\000o\000n}{}% 1
\BOOKMARK [1][-]{section.2}{\376\377\000G\000r\000o\000u\000n\000d\000\040\000M\000o\000t\000i\000o\000n\000\040\000R\000e\000c\000o\000r\000d}{}% 2
\BOOKMARK [1][-]{section.3}{\376\377\000M\000e\000t\000h\000o\000d\000o\000l\000o\000g\000y}{}% 3
\BOOKMARK [2][-]{subsection.3.1}{\376\377\000E\000q\000u\000a\000t\000i\000o\000n\000\040\000o\000f\000\040\000M\000o\000t\000i\000o\000n}{section.3}% 4
\BOOKMARK [2][-]{subsection.3.2}{\376\377\000S\000y\000s\000t\000e\000m\000\040\000P\000a\000r\000a\000m\000e\000t\000e\000r\000s}{section.3}% 5
\BOOKMARK [2][-]{subsection.3.3}{\376\377\000N\000u\000m\000e\000r\000i\000c\000a\000l\000\040\000I\000n\000t\000e\000g\000r\000a\000t\000i\000o\000n}{section.3}% 6
\BOOKMARK [2][-]{subsection.3.4}{\376\377\000S\000p\000e\000c\000t\000r\000a\000l\000\040\000Q\000u\000a\000n\000t\000i\000t\000i\000e\000s}{section.3}% 7
\BOOKMARK [1][-]{section.4}{\376\377\000N\000u\000m\000e\000r\000i\000c\000a\000l\000\040\000I\000m\000p\000l\000e\000m\000e\000n\000t\000a\000t\000i\000o\000n}{}% 8
\BOOKMARK [1][-]{section.5}{\376\377\000R\000e\000s\000u\000l\000t\000s\000\040\000f\000o\000r\000\040\000Q\000u\000e\000s\000t\000i\000o\000n\000\040\0001\000:\000\040\000E\000l\000a\000s\000t\000i\000c\000\040\000R\000e\000s\000p\000o\000n\000s\000e\000\040\000S\000p\000e\000c\000t\000r\000a}{}% 9
\BOOKMARK [2][-]{subsection.5.1}{\376\377\000Q\0001\000\050\000a\000\051\000:\000\040\000D\000i\000s\000p\000l\000a\000c\000e\000m\000e\000n\000t\000\040\000R\000e\000s\000p\000o\000n\000s\000e\000\040\000S\000p\000e\000c\000t\000r\000a}{section.5}% 10
\BOOKMARK [2][-]{subsection.5.2}{\376\377\000Q\0001\000\050\000b\000\051\000:\000\040\000P\000s\000e\000u\000d\000o\000-\000A\000c\000c\000e\000l\000e\000r\000a\000t\000i\000o\000n\000\040\000R\000e\000s\000p\000o\000n\000s\000e\000\040\000S\000p\000e\000c\000t\000r\000a}{section.5}% 11
\BOOKMARK [2][-]{subsection.5.3}{\376\377\000Q\0001\000\050\000c\000\051\000:\000\040\000A\000c\000t\000u\000a\000l\000\040\000A\000c\000c\000e\000l\000e\000r\000a\000t\000i\000o\000n\000\040\000R\000e\000s\000p\000o\000n\000s\000e\000\040\000S\000p\000e\000c\000t\000r\000a}{section.5}% 12
\BOOKMARK [2][-]{subsection.5.4}{\376\377\000Q\0001\000\050\000d\000\051\000:\000\040\000C\000o\000m\000p\000a\000r\000i\000s\000o\000n\000\040\000o\000f\000\040\000P\000s\000e\000u\000d\000o\000-\000A\000c\000c\000e\000l\000e\000r\000a\000t\000i\000o\000n\000\040\000a\000n\000d\000\040\000A\000c\000t\000u\000a\000l\000\040\000A\000c\000c\000e\000l\000e\000r\000a\000t\000i\000o\000n}{section.5}% 13
\BOOKMARK [1][-]{section.6}{\376\377\000R\000e\000s\000u\000l\000t\000s\000\040\000f\000o\000r\000\040\000Q\000u\000e\000s\000t\000i\000o\000n\000\040\0002\000:\000\040\000C\000o\000d\000e\000-\000B\000a\000s\000e\000d\000\040\000D\000e\000s\000i\000g\000n\000\040\000S\000p\000e\000c\000t\000r\000a}{}% 14
\BOOKMARK [2][-]{subsection.6.1}{\376\377\000Q\0002\000\050\000a\000\051\000:\000\040\0002\0000\0000\0007\000\040\000T\000u\000r\000k\000i\000s\000h\000\040\000S\000e\000i\000s\000m\000i\000c\000\040\000C\000o\000d\000e\000\040\000E\000l\000a\000s\000t\000i\000c\000\040\000D\000e\000s\000i\000g\000n\000\040\000S\000p\000e\000c\000t\000r\000a}{section.6}% 15
\BOOKMARK [2][-]{subsection.6.2}{\376\377\000Q\0002\000\050\000b\000\051\000:\000\040\0002\0000\0001\0008\000\040\000T\000u\000r\000k\000i\000s\000h\000\040\000B\000u\000i\000l\000d\000i\000n\000g\000\040\000E\000a\000r\000t\000h\000q\000u\000a\000k\000e\000\040\000C\000o\000d\000e\000\040\000E\000l\000a\000s\000t\000i\000c\000\040\000D\000e\000s\000i\000g\000n\000\040\000S\000p\000e\000c\000t\000r\000a}{section.6}% 16
\BOOKMARK [2][-]{subsection.6.3}{\376\377\000Q\0002\000\050\000c\000\051\000:\000\040\000C\000o\000m\000p\000a\000r\000i\000s\000o\000n\000\040\000w\000i\000t\000h\000\040\000t\000h\000e\000\040\000D\000I\000N\0009\0005\000Y\0000\0001\000\040\000E\000l\000a\000s\000t\000i\000c\000\040\000R\000e\000s\000p\000o\000n\000s\000e\000\040\000S\000p\000e\000c\000t\000r\000u\000m}{section.6}% 17
\BOOKMARK [2][-]{subsection.6.4}{\376\377\000Q\0002\000\050\000d\000\051\000:\000\040\000I\000n\000e\000l\000a\000s\000t\000i\000c\000\040\000S\000p\000e\000c\000t\000r\000a\000\040\000f\000o\000r\000\040\000C\000o\000n\000s\000t\000a\000n\000t\000\040\000R\000-\000F\000a\000c\000t\000o\000r\000s}{section.6}% 18
\BOOKMARK [2][-]{subsection.6.5}{\376\377\000Q\0002\000\040\000D\000i\000s\000c\000u\000s\000s\000i\000o\000n}{section.6}% 19
\BOOKMARK [1][-]{section.7}{\376\377\000V\000e\000r\000i\000f\000i\000c\000a\000t\000i\000o\000n\000\040\000a\000n\000d\000\040\000V\000a\000l\000i\000d\000a\000t\000i\000o\000n}{}% 20
\BOOKMARK [1][-]{section.8}{\376\377\000C\000o\000n\000c\000l\000u\000s\000i\000o\000n}{}% 21
